2023-05-09 01:28:49,711 INFO com.capstone.employee.EmployeeSystemApplication [main] Starting EmployeeSystemApplication using Java 17.0.5 on DESKTOP-B6AVPBA with PID 12228 (C:\Users\Adminstrator\Desktop\Capstone_Final\EmployeeSystem\bin\main started by Adminstrator in C:\Users\Adminstrator\Desktop\Capstone_Final\EmployeeSystem)
2023-05-09 01:28:49,718 INFO com.capstone.employee.EmployeeSystemApplication [main] No active profile set, falling back to 1 default profile: "default"
2023-05-09 01:28:51,304 INFO org.springframework.data.repository.config.RepositoryConfigurationDelegate [main] Bootstrapping Spring Data JPA repositories in DEFAULT mode.
2023-05-09 01:28:51,597 INFO org.springframework.data.repository.config.RepositoryConfigurationDelegate [main] Finished Spring Data repository scanning in 193 ms. Found 1 JPA repository interfaces.
2023-05-09 01:28:53,163 INFO org.springframework.boot.web.embedded.tomcat.TomcatWebServer [main] Tomcat initialized with port(s): 8787 (https)
2023-05-09 01:28:53,187 INFO org.apache.catalina.core.StandardService [main] Starting service [Tomcat]
2023-05-09 01:28:53,188 INFO org.apache.catalina.core.StandardEngine [main] Starting Servlet engine: [Apache Tomcat/9.0.74]
2023-05-09 01:28:53,470 INFO org.apache.catalina.core.ContainerBase.[Tomcat].[localhost].[/] [main] Initializing Spring embedded WebApplicationContext
2023-05-09 01:28:53,471 INFO org.springframework.boot.web.servlet.context.ServletWebServerApplicationContext [main] Root WebApplicationContext: initialization completed in 3642 ms
2023-05-09 01:28:53,995 INFO org.hibernate.jpa.internal.util.LogHelper [main] HHH000204: Processing PersistenceUnitInfo [name: default]
2023-05-09 01:28:54,223 INFO org.hibernate.Version [main] HHH000412: Hibernate ORM core version 5.6.15.Final
2023-05-09 01:28:54,773 INFO org.hibernate.annotations.common.Version [main] HCANN000001: Hibernate Commons Annotations {5.1.2.Final}
2023-05-09 01:28:54,991 INFO com.zaxxer.hikari.HikariDataSource [main] HikariPool-1 - Starting...
2023-05-09 01:28:55,793 INFO com.zaxxer.hikari.HikariDataSource [main] HikariPool-1 - Start completed.
2023-05-09 01:28:55,862 INFO org.hibernate.dialect.Dialect [main] HHH000400: Using dialect: org.hibernate.dialect.MySQL8Dialect
2023-05-09 01:28:57,545 INFO org.hibernate.engine.transaction.jta.platform.internal.JtaPlatformInitiator [main] HHH000490: Using JtaPlatform implementation: [org.hibernate.engine.transaction.jta.platform.internal.NoJtaPlatform]
2023-05-09 01:28:57,567 INFO org.springframework.orm.jpa.LocalContainerEntityManagerFactoryBean [main] Initialized JPA EntityManagerFactory for persistence unit 'default'
2023-05-09 01:28:58,234 WARN org.springframework.boot.autoconfigure.orm.jpa.JpaBaseConfiguration$JpaWebConfiguration [main] spring.jpa.open-in-view is enabled by default. Therefore, database queries may be performed during view rendering. Explicitly configure spring.jpa.open-in-view to disable this warning
2023-05-09 01:29:00,229 WARN org.springframework.boot.web.servlet.context.AnnotationConfigServletWebServerApplicationContext [main] Exception encountered during context initialization - cancelling refresh attempt: org.springframework.context.ApplicationContextException: Failed to start bean 'webServerStartStop'; nested exception is org.springframework.boot.web.server.PortInUseException: Port 8787 is already in use
2023-05-09 01:29:00,237 INFO org.springframework.orm.jpa.LocalContainerEntityManagerFactoryBean [main] Closing JPA EntityManagerFactory for persistence unit 'default'
2023-05-09 01:29:00,240 INFO com.zaxxer.hikari.HikariDataSource [main] HikariPool-1 - Shutdown initiated...
2023-05-09 01:29:00,261 INFO com.zaxxer.hikari.HikariDataSource [main] HikariPool-1 - Shutdown completed.
2023-05-09 01:29:00,266 INFO org.apache.catalina.core.StandardService [main] Stopping service [Tomcat]
2023-05-09 01:29:00,289 INFO org.springframework.boot.autoconfigure.logging.ConditionEvaluationReportLoggingListener [main] 

Error starting ApplicationContext. To display the conditions report re-run your application with 'debug' enabled.
2023-05-09 01:29:00,348 ERROR org.springframework.boot.diagnostics.LoggingFailureAnalysisReporter [main] 

***************************
APPLICATION FAILED TO START
***************************

Description:

Web server failed to start. Port 8787 was already in use.

Action:

Identify and stop the process that's listening on port 8787 or configure this application to listen on another port.

2023-05-09 01:30:04,524 INFO com.capstone.employee.EmployeeSystemApplication [main] Starting EmployeeSystemApplication using Java 17.0.5 on DESKTOP-B6AVPBA with PID 15364 (C:\Users\Adminstrator\Desktop\Capstone_Final\EmployeeSystem\bin\main started by Adminstrator in C:\Users\Adminstrator\Desktop\Capstone_Final\EmployeeSystem)
2023-05-09 01:30:04,531 INFO com.capstone.employee.EmployeeSystemApplication [main] No active profile set, falling back to 1 default profile: "default"
2023-05-09 01:30:06,367 INFO org.springframework.data.repository.config.RepositoryConfigurationDelegate [main] Bootstrapping Spring Data JPA repositories in DEFAULT mode.
2023-05-09 01:30:06,464 INFO org.springframework.data.repository.config.RepositoryConfigurationDelegate [main] Finished Spring Data repository scanning in 75 ms. Found 1 JPA repository interfaces.
2023-05-09 01:30:07,404 INFO org.springframework.boot.web.embedded.tomcat.TomcatWebServer [main] Tomcat initialized with port(s): 8787 (https)
2023-05-09 01:30:07,424 INFO org.apache.catalina.core.StandardService [main] Starting service [Tomcat]
2023-05-09 01:30:07,426 INFO org.apache.catalina.core.StandardEngine [main] Starting Servlet engine: [Apache Tomcat/9.0.74]
2023-05-09 01:30:07,690 INFO org.apache.catalina.core.ContainerBase.[Tomcat].[localhost].[/] [main] Initializing Spring embedded WebApplicationContext
2023-05-09 01:30:07,691 INFO org.springframework.boot.web.servlet.context.ServletWebServerApplicationContext [main] Root WebApplicationContext: initialization completed in 3067 ms
2023-05-09 01:30:08,075 INFO org.hibernate.jpa.internal.util.LogHelper [main] HHH000204: Processing PersistenceUnitInfo [name: default]
2023-05-09 01:30:08,215 INFO org.hibernate.Version [main] HHH000412: Hibernate ORM core version 5.6.15.Final
2023-05-09 01:30:08,555 INFO org.hibernate.annotations.common.Version [main] HCANN000001: Hibernate Commons Annotations {5.1.2.Final}
2023-05-09 01:30:08,768 INFO com.zaxxer.hikari.HikariDataSource [main] HikariPool-1 - Starting...
2023-05-09 01:30:09,440 INFO com.zaxxer.hikari.HikariDataSource [main] HikariPool-1 - Start completed.
2023-05-09 01:30:09,507 INFO org.hibernate.dialect.Dialect [main] HHH000400: Using dialect: org.hibernate.dialect.MySQL8Dialect
2023-05-09 01:30:10,908 INFO org.hibernate.engine.transaction.jta.platform.internal.JtaPlatformInitiator [main] HHH000490: Using JtaPlatform implementation: [org.hibernate.engine.transaction.jta.platform.internal.NoJtaPlatform]
2023-05-09 01:30:10,926 INFO org.springframework.orm.jpa.LocalContainerEntityManagerFactoryBean [main] Initialized JPA EntityManagerFactory for persistence unit 'default'
2023-05-09 01:30:11,522 WARN org.springframework.boot.autoconfigure.orm.jpa.JpaBaseConfiguration$JpaWebConfiguration [main] spring.jpa.open-in-view is enabled by default. Therefore, database queries may be performed during view rendering. Explicitly configure spring.jpa.open-in-view to disable this warning
2023-05-09 01:30:13,156 WARN org.springframework.boot.web.servlet.context.AnnotationConfigServletWebServerApplicationContext [main] Exception encountered during context initialization - cancelling refresh attempt: org.springframework.context.ApplicationContextException: Failed to start bean 'webServerStartStop'; nested exception is org.springframework.boot.web.server.PortInUseException: Port 8787 is already in use
2023-05-09 01:30:13,163 INFO org.springframework.orm.jpa.LocalContainerEntityManagerFactoryBean [main] Closing JPA EntityManagerFactory for persistence unit 'default'
2023-05-09 01:30:13,167 INFO com.zaxxer.hikari.HikariDataSource [main] HikariPool-1 - Shutdown initiated...
2023-05-09 01:30:13,193 INFO com.zaxxer.hikari.HikariDataSource [main] HikariPool-1 - Shutdown completed.
2023-05-09 01:30:13,198 INFO org.apache.catalina.core.StandardService [main] Stopping service [Tomcat]
2023-05-09 01:30:13,236 INFO org.springframework.boot.autoconfigure.logging.ConditionEvaluationReportLoggingListener [main] 

Error starting ApplicationContext. To display the conditions report re-run your application with 'debug' enabled.
2023-05-09 01:30:13,281 ERROR org.springframework.boot.diagnostics.LoggingFailureAnalysisReporter [main] 

***************************
APPLICATION FAILED TO START
***************************

Description:

Web server failed to start. Port 8787 was already in use.

Action:

Identify and stop the process that's listening on port 8787 or configure this application to listen on another port.

2023-05-09 01:30:45,537 INFO com.capstone.employee.EmployeeSystemApplication [main] Starting EmployeeSystemApplication using Java 17.0.5 on DESKTOP-B6AVPBA with PID 2128 (C:\Users\Adminstrator\Desktop\Capstone_Final\EmployeeSystem\bin\main started by Adminstrator in C:\Users\Adminstrator\Desktop\Capstone_Final\EmployeeSystem)
2023-05-09 01:30:45,543 INFO com.capstone.employee.EmployeeSystemApplication [main] No active profile set, falling back to 1 default profile: "default"
2023-05-09 01:30:46,810 INFO org.springframework.data.repository.config.RepositoryConfigurationDelegate [main] Bootstrapping Spring Data JPA repositories in DEFAULT mode.
2023-05-09 01:30:46,910 INFO org.springframework.data.repository.config.RepositoryConfigurationDelegate [main] Finished Spring Data repository scanning in 80 ms. Found 1 JPA repository interfaces.
2023-05-09 01:30:47,811 INFO org.springframework.boot.web.embedded.tomcat.TomcatWebServer [main] Tomcat initialized with port(s): 8181 (https)
2023-05-09 01:30:47,831 INFO org.apache.catalina.core.StandardService [main] Starting service [Tomcat]
2023-05-09 01:30:47,832 INFO org.apache.catalina.core.StandardEngine [main] Starting Servlet engine: [Apache Tomcat/9.0.74]
2023-05-09 01:30:48,033 INFO org.apache.catalina.core.ContainerBase.[Tomcat].[localhost].[/] [main] Initializing Spring embedded WebApplicationContext
2023-05-09 01:30:48,034 INFO org.springframework.boot.web.servlet.context.ServletWebServerApplicationContext [main] Root WebApplicationContext: initialization completed in 2389 ms
2023-05-09 01:30:48,272 INFO org.hibernate.jpa.internal.util.LogHelper [main] HHH000204: Processing PersistenceUnitInfo [name: default]
2023-05-09 01:30:48,360 INFO org.hibernate.Version [main] HHH000412: Hibernate ORM core version 5.6.15.Final
2023-05-09 01:30:48,644 INFO org.hibernate.annotations.common.Version [main] HCANN000001: Hibernate Commons Annotations {5.1.2.Final}
2023-05-09 01:30:48,828 INFO com.zaxxer.hikari.HikariDataSource [main] HikariPool-1 - Starting...
2023-05-09 01:30:49,396 INFO com.zaxxer.hikari.HikariDataSource [main] HikariPool-1 - Start completed.
2023-05-09 01:30:49,447 INFO org.hibernate.dialect.Dialect [main] HHH000400: Using dialect: org.hibernate.dialect.MySQL8Dialect
2023-05-09 01:30:50,612 INFO org.hibernate.engine.transaction.jta.platform.internal.JtaPlatformInitiator [main] HHH000490: Using JtaPlatform implementation: [org.hibernate.engine.transaction.jta.platform.internal.NoJtaPlatform]
2023-05-09 01:30:50,635 INFO org.springframework.orm.jpa.LocalContainerEntityManagerFactoryBean [main] Initialized JPA EntityManagerFactory for persistence unit 'default'
2023-05-09 01:30:51,204 WARN org.springframework.boot.autoconfigure.orm.jpa.JpaBaseConfiguration$JpaWebConfiguration [main] spring.jpa.open-in-view is enabled by default. Therefore, database queries may be performed during view rendering. Explicitly configure spring.jpa.open-in-view to disable this warning
2023-05-09 01:30:53,117 INFO org.apache.tomcat.util.net.NioEndpoint.certificate [main] Connector [https-jsse-nio-8181], TLS virtual host [_default_], certificate type [UNDEFINED] configured from [file:/C:/Users/Adminstrator/Desktop/Capstone_Final/EmployeeSystem/bin/main/keystore.p12] using alias [spring-https] and with trust store [null]
2023-05-09 01:30:53,159 INFO org.springframework.boot.web.embedded.tomcat.TomcatWebServer [main] Tomcat started on port(s): 8181 (https) with context path ''
2023-05-09 01:30:53,177 INFO com.capstone.employee.EmployeeSystemApplication [main] Started EmployeeSystemApplication in 8.324 seconds (JVM running for 10.002)
2023-05-09 01:32:25,070 INFO org.apache.catalina.core.ContainerBase.[Tomcat].[localhost].[/] [https-jsse-nio-8181-exec-6] Initializing Spring DispatcherServlet 'dispatcherServlet'
2023-05-09 01:32:25,071 INFO org.springframework.web.servlet.DispatcherServlet [https-jsse-nio-8181-exec-6] Initializing Servlet 'dispatcherServlet'
2023-05-09 01:32:25,073 INFO org.springframework.web.servlet.DispatcherServlet [https-jsse-nio-8181-exec-6] Completed initialization in 2 ms
2023-05-09 01:32:25,133 INFO com.capstone.employee.controller.EmployeeController [https-jsse-nio-8181-exec-6] Record of EmployeeID(151)is called
2023-05-09 02:04:19,923 INFO com.capstone.employee.controller.EmployeeController [https-jsse-nio-8181-exec-4] Record of EmployeeID(151)is called
2023-05-09 02:05:54,662 INFO com.capstone.employee.controller.EmployeeController [https-jsse-nio-8181-exec-2] Record of EmployeeID(151)is called
2023-05-09 02:16:21,249 INFO org.springframework.boot.admin.SpringApplicationAdminMXBeanRegistrar$SpringApplicationAdmin [RMI TCP Connection(49)-127.0.0.1] Application shutdown requested.
2023-05-09 02:16:21,566 INFO org.apache.catalina.core.StandardService [RMI TCP Connection(49)-127.0.0.1] Stopping service [Tomcat]
2023-05-09 02:16:21,604 INFO org.apache.catalina.core.ContainerBase.[Tomcat].[localhost].[/] [RMI TCP Connection(49)-127.0.0.1] Destroying Spring FrameworkServlet 'dispatcherServlet'
2023-05-09 02:16:22,196 INFO org.springframework.orm.jpa.LocalContainerEntityManagerFactoryBean [RMI TCP Connection(49)-127.0.0.1] Closing JPA EntityManagerFactory for persistence unit 'default'
2023-05-09 02:16:22,641 INFO com.zaxxer.hikari.HikariDataSource [RMI TCP Connection(49)-127.0.0.1] HikariPool-1 - Shutdown initiated...
2023-05-09 02:16:22,700 INFO com.zaxxer.hikari.HikariDataSource [RMI TCP Connection(49)-127.0.0.1] HikariPool-1 - Shutdown completed.
2023-05-09 02:27:13,096 INFO org.springframework.boot.test.context.SpringBootTestContextBootstrapper [Test worker] Neither @ContextConfiguration nor @ContextHierarchy found for test class [com.capstone.employee.EmployeeSystemApplicationTests], using SpringBootContextLoader
2023-05-09 02:27:13,471 INFO org.springframework.test.context.support.AbstractContextLoader [Test worker] Could not detect default resource locations for test class [com.capstone.employee.EmployeeSystemApplicationTests]: no resource found for suffixes {-context.xml, Context.groovy}.
2023-05-09 02:27:13,473 INFO org.springframework.test.context.support.AnnotationConfigContextLoaderUtils [Test worker] Could not detect default configuration classes for test class [com.capstone.employee.EmployeeSystemApplicationTests]: EmployeeSystemApplicationTests does not declare any static, non-private, non-final, nested classes annotated with @Configuration.
2023-05-09 02:27:13,966 INFO org.springframework.boot.test.context.SpringBootTestContextBootstrapper [Test worker] Found @SpringBootConfiguration com.capstone.employee.EmployeeSystemApplication for test class com.capstone.employee.EmployeeSystemApplicationTests
2023-05-09 02:27:14,242 INFO org.springframework.boot.test.context.SpringBootTestContextBootstrapper [Test worker] Loaded default TestExecutionListener class names from location [META-INF/spring.factories]: [org.springframework.boot.test.autoconfigure.restdocs.RestDocsTestExecutionListener, org.springframework.boot.test.autoconfigure.web.client.MockRestServiceServerResetTestExecutionListener, org.springframework.boot.test.autoconfigure.web.servlet.MockMvcPrintOnlyOnFailureTestExecutionListener, org.springframework.boot.test.autoconfigure.web.servlet.WebDriverTestExecutionListener, org.springframework.boot.test.autoconfigure.webservices.client.MockWebServiceServerTestExecutionListener, org.springframework.boot.test.mock.mockito.MockitoTestExecutionListener, org.springframework.boot.test.mock.mockito.ResetMocksTestExecutionListener, org.springframework.test.context.web.ServletTestExecutionListener, org.springframework.test.context.support.DirtiesContextBeforeModesTestExecutionListener, org.springframework.test.context.event.ApplicationEventsTestExecutionListener, org.springframework.test.context.support.DependencyInjectionTestExecutionListener, org.springframework.test.context.support.DirtiesContextTestExecutionListener, org.springframework.test.context.transaction.TransactionalTestExecutionListener, org.springframework.test.context.jdbc.SqlScriptsTestExecutionListener, org.springframework.test.context.event.EventPublishingTestExecutionListener]
2023-05-09 02:27:14,286 INFO org.springframework.boot.test.context.SpringBootTestContextBootstrapper [Test worker] Using TestExecutionListeners: [org.springframework.test.context.web.ServletTestExecutionListener@4fe01803, org.springframework.test.context.support.DirtiesContextBeforeModesTestExecutionListener@13d186db, org.springframework.test.context.event.ApplicationEventsTestExecutionListener@6f6962ba, org.springframework.boot.test.mock.mockito.MockitoTestExecutionListener@4565a70a, org.springframework.boot.test.autoconfigure.SpringBootDependencyInjectionTestExecutionListener@a0a9fa5, org.springframework.test.context.support.DirtiesContextTestExecutionListener@15723761, org.springframework.test.context.transaction.TransactionalTestExecutionListener@312afbc7, org.springframework.test.context.jdbc.SqlScriptsTestExecutionListener@599f571f, org.springframework.test.context.event.EventPublishingTestExecutionListener@7b60c3e, org.springframework.boot.test.autoconfigure.restdocs.RestDocsTestExecutionListener@3fbfa96, org.springframework.boot.test.autoconfigure.web.client.MockRestServiceServerResetTestExecutionListener@6569dded, org.springframework.boot.test.autoconfigure.web.servlet.MockMvcPrintOnlyOnFailureTestExecutionListener@466d49f0, org.springframework.boot.test.autoconfigure.web.servlet.WebDriverTestExecutionListener@710d7aff, org.springframework.boot.test.autoconfigure.webservices.client.MockWebServiceServerTestExecutionListener@2d7e1102, org.springframework.boot.test.mock.mockito.ResetMocksTestExecutionListener@65327f5]
2023-05-09 02:27:15,140 INFO com.capstone.employee.EmployeeSystemApplicationTests [Test worker] Starting EmployeeSystemApplicationTests using Java 17.0.5 on DESKTOP-B6AVPBA with PID 8316 (started by Adminstrator in C:\Users\Adminstrator\Desktop\Capstone_Final\EmployeeSystem)
2023-05-09 02:27:15,144 INFO com.capstone.employee.EmployeeSystemApplicationTests [Test worker] No active profile set, falling back to 1 default profile: "default"
2023-05-09 02:27:17,897 INFO org.springframework.data.repository.config.RepositoryConfigurationDelegate [Test worker] Bootstrapping Spring Data JPA repositories in DEFAULT mode.
2023-05-09 02:27:18,080 INFO org.springframework.data.repository.config.RepositoryConfigurationDelegate [Test worker] Finished Spring Data repository scanning in 161 ms. Found 1 JPA repository interfaces.
2023-05-09 02:27:19,695 INFO org.hibernate.jpa.internal.util.LogHelper [Test worker] HHH000204: Processing PersistenceUnitInfo [name: default]
2023-05-09 02:27:19,856 INFO org.hibernate.Version [Test worker] HHH000412: Hibernate ORM core version 5.6.15.Final
2023-05-09 02:27:20,431 INFO org.hibernate.annotations.common.Version [Test worker] HCANN000001: Hibernate Commons Annotations {5.1.2.Final}
2023-05-09 02:27:20,726 INFO com.zaxxer.hikari.HikariDataSource [Test worker] HikariPool-1 - Starting...
2023-05-09 02:27:21,861 INFO com.zaxxer.hikari.HikariDataSource [Test worker] HikariPool-1 - Start completed.
2023-05-09 02:27:21,943 INFO org.hibernate.dialect.Dialect [Test worker] HHH000400: Using dialect: org.hibernate.dialect.MySQL8Dialect
2023-05-09 02:27:23,841 INFO org.hibernate.engine.transaction.jta.platform.internal.JtaPlatformInitiator [Test worker] HHH000490: Using JtaPlatform implementation: [org.hibernate.engine.transaction.jta.platform.internal.NoJtaPlatform]
2023-05-09 02:27:23,867 INFO org.springframework.orm.jpa.LocalContainerEntityManagerFactoryBean [Test worker] Initialized JPA EntityManagerFactory for persistence unit 'default'
2023-05-09 02:27:25,386 WARN org.springframework.boot.autoconfigure.orm.jpa.JpaBaseConfiguration$JpaWebConfiguration [Test worker] spring.jpa.open-in-view is enabled by default. Therefore, database queries may be performed during view rendering. Explicitly configure spring.jpa.open-in-view to disable this warning
2023-05-09 02:27:37,358 INFO com.capstone.employee.EmployeeSystemApplicationTests [Test worker] Started EmployeeSystemApplicationTests in 22.977 seconds (JVM running for 29.626)
2023-05-09 02:27:50,457 INFO org.springframework.orm.jpa.LocalContainerEntityManagerFactoryBean [SpringApplicationShutdownHook] Closing JPA EntityManagerFactory for persistence unit 'default'
2023-05-09 02:27:50,464 INFO com.zaxxer.hikari.HikariDataSource [SpringApplicationShutdownHook] HikariPool-1 - Shutdown initiated...
2023-05-09 02:27:50,570 INFO com.zaxxer.hikari.HikariDataSource [SpringApplicationShutdownHook] HikariPool-1 - Shutdown completed.
